<?xml version="1.0" encoding="UTF-8"?>
<!-- Generated by org.testng.reporters.JUnitReportReporter -->
<testsuite skipped="0" hostname="LAPTOP-C3OACNLA" name="Testcases.AppTest" tests="1" failures="0" timestamp="2020-06-18T12:10:25 IST" time="0.002" errors="0">
  <testcase name="testApp" time="0.002" classname="Testcases.AppTest"/>
  <system-out/>
</testsuite> <!-- Testcases.AppTest -->
