<?xml version="1.0" encoding="UTF-8"?>
<!-- Generated by org.testng.reporters.JUnitReportReporter -->
<testsuite skipped="0" hostname="LAPTOP-C3OACNLA" name="Testcases.PechuDoingTesting" tests="1" failures="0" timestamp="2020-06-17T22:34:13 IST" time="0.022" errors="0">
  <testcase name="doTest" time="0.022" classname="Testcases.PechuDoingTesting"/>
</testsuite> <!-- Testcases.PechuDoingTesting -->
