<?xml version="1.0" encoding="UTF-8"?>
<!-- Generated by org.testng.reporters.JUnitReportReporter -->
<testsuite skipped="0" hostname="LAPTOP-C3OACNLA" name="Testcases.PechuDoingTest" tests="2" failures="0" timestamp="2020-06-23T22:32:29 IST" time="0.010" errors="0">
  <testcase name="Testdone" time="0.009" classname="Testcases.PechuDoingTest"/>
  <system-out/>
  <testcase name="doTest" time="0.001" classname="Testcases.PechuDoingTest"/>
  <system-out/>
</testsuite> <!-- Testcases.PechuDoingTest -->
