<?xml version="1.0" encoding="UTF-8"?>
<!-- Generated by org.testng.reporters.JUnitReportReporter -->
<testsuite skipped="0" hostname="LAPTOP-C3OACNLA" name="Testcases.AravindTest" tests="1" failures="0" timestamp="2020-06-23T22:32:29 IST" time="0.001" errors="0">
  <testcase name="ImTest" time="0.001" classname="Testcases.AravindTest"/>
  <system-out/>
</testsuite> <!-- Testcases.AravindTest -->
